<?xml version="1.0" encoding="UTF-8" standalone="no"?>
<!DOCTYPE log SYSTEM "logger.dtd">
<log>
<record>
  <date>2018-12-14T09:49:51</date>
  <millis>1544761191692</millis>
  <sequence>0</sequence>
  <level>START</level>
  <class>com.kms.katalon.core.logging.XmlKeywordLogger</class>
  <method>startSuite</method>
  <thread>1</thread>
  <message>Start Test Suite : Test Suites/HE_LoginSuite</message>
  <nestedLevel>0</nestedLevel>
  <property name="name">HE_LoginSuite</property>
  <property name="description">This testsuite will execute HEL_001 of valid credential and HEL_002 of various combinational credentials.</property>
  <property name="id">Test Suites/HE_LoginSuite</property>
</record>
<record>
  <date>2018-12-14T09:49:51</date>
  <millis>1544761191824</millis>
  <sequence>1</sequence>
  <level>RUN_DATA</level>
  <class>com.kms.katalon.core.logging.XmlKeywordLogger</class>
  <method>logMessage</method>
  <thread>1</thread>
  <message>hostName = admin - DESKTOP-FJO92VH</message>
  <nestedLevel>0</nestedLevel>
  <property name="hostName">admin - DESKTOP-FJO92VH</property>
</record>
<record>
  <date>2018-12-14T09:49:51</date>
  <millis>1544761191832</millis>
  <sequence>2</sequence>
  <level>RUN_DATA</level>
  <class>com.kms.katalon.core.logging.XmlKeywordLogger</class>
  <method>logMessage</method>
  <thread>1</thread>
  <message>os = Windows 10 64bit</message>
  <nestedLevel>0</nestedLevel>
  <property name="os">Windows 10 64bit</property>
</record>
<record>
  <date>2018-12-14T09:49:51</date>
  <millis>1544761191840</millis>
  <sequence>3</sequence>
  <level>RUN_DATA</level>
  <class>com.kms.katalon.core.logging.XmlKeywordLogger</class>
  <method>logMessage</method>
  <thread>1</thread>
  <message>hostAddress = 192.168.43.142</message>
  <nestedLevel>0</nestedLevel>
  <property name="hostAddress">192.168.43.142</property>
</record>
<record>
  <date>2018-12-14T09:49:51</date>
  <millis>1544761191848</millis>
  <sequence>4</sequence>
  <level>RUN_DATA</level>
  <class>com.kms.katalon.core.logging.XmlKeywordLogger</class>
  <method>logMessage</method>
  <thread>1</thread>
  <message>katalonVersion = 5.9.1.2</message>
  <nestedLevel>0</nestedLevel>
  <property name="katalonVersion">5.9.1.2</property>
</record>
<record>
  <date>2018-12-14T09:49:52</date>
  <millis>1544761192934</millis>
  <sequence>5</sequence>
  <level>START</level>
  <class>com.kms.katalon.core.logging.XmlKeywordLogger</class>
  <method>startTest</method>
  <thread>1</thread>
  <message>Start Test Case : Test Cases/HeliumEdge_Login/HEL_001</message>
  <nestedLevel>1</nestedLevel>
  <property name="name">Test Cases/HeliumEdge_Login/HEL_001</property>
  <property name="description">This test case login with valid credential.</property>
  <property name="id">Test Cases/HeliumEdge_Login/HEL_001</property>
  <property name="source">C:\\Users\\admin\\Katalon Studio\\HeliumAutomationProject\\Test Cases\\HeliumEdge_Login\\HEL_001.tc</property>
  <property name="isOptional">false</property>
</record>
<record>
  <date>2018-12-14T09:49:54</date>
  <millis>1544761194422</millis>
  <sequence>7</sequence>
  <level>START</level>
  <class>com.kms.katalon.core.logging.XmlKeywordLogger</class>
  <method>startKeyword</method>
  <thread>1</thread>
  <message>Start action : openBrowser(\&amp;quot;\&amp;quot;)</message>
  <nestedLevel>1</nestedLevel>
  <property name="startLine">17</property>
  <property name="stepIndex">1</property>
  <property name="description">Helium Edge login with valid credentials</property>
</record>
<record>
  <date>2018-12-14T09:49:56</date>
  <millis>1544761196146</millis>
  <sequence>9</sequence>
  <level>INFO</level>
  <class>com.kms.katalon.core.logging.XmlKeywordLogger</class>
  <method>logMessage</method>
  <thread>1</thread>
  <message>Starting &amp;apos;Chrome&amp;apos; driver</message>
  <nestedLevel>1</nestedLevel>
</record>
<record>
  <date>2018-12-14T09:49:56</date>
  <millis>1544761196296</millis>
  <sequence>10</sequence>
  <level>INFO</level>
  <class>com.kms.katalon.core.logging.XmlKeywordLogger</class>
  <method>logMessage</method>
  <thread>1</thread>
  <message>Action delay is set to 0 seconds</message>
  <nestedLevel>1</nestedLevel>
</record>
<record>
  <date>2018-12-14T09:50:11</date>
  <millis>1544761211833</millis>
  <sequence>12</sequence>
  <level>RUN_DATA</level>
  <class>com.kms.katalon.core.logging.XmlKeywordLogger</class>
  <method>logMessage</method>
  <thread>1</thread>
  <message>sessionId = 34934e1e14a4eb97eb85f95bb76901ab</message>
  <nestedLevel>1</nestedLevel>
  <property name="sessionId">34934e1e14a4eb97eb85f95bb76901ab</property>
</record>
<record>
  <date>2018-12-14T09:50:12</date>
  <millis>1544761212112</millis>
  <sequence>13</sequence>
  <level>RUN_DATA</level>
  <class>com.kms.katalon.core.logging.XmlKeywordLogger</class>
  <method>logMessage</method>
  <thread>1</thread>
  <message>browser = Chrome 70.0.3538.110</message>
  <nestedLevel>1</nestedLevel>
  <property name="browser">Chrome 70.0.3538.110</property>
</record>
<record>
  <date>2018-12-14T09:50:12</date>
  <millis>1544761212113</millis>
  <sequence>14</sequence>
  <level>RUN_DATA</level>
  <class>com.kms.katalon.core.logging.XmlKeywordLogger</class>
  <method>logMessage</method>
  <thread>1</thread>
  <message>platform = Windows 10</message>
  <nestedLevel>1</nestedLevel>
  <property name="platform">Windows 10</property>
</record>
<record>
  <date>2018-12-14T09:50:12</date>
  <millis>1544761212157</millis>
  <sequence>15</sequence>
  <level>RUN_DATA</level>
  <class>com.kms.katalon.core.logging.XmlKeywordLogger</class>
  <method>logMessage</method>
  <thread>1</thread>
  <message>seleniumVersion = 3.7.1</message>
  <nestedLevel>1</nestedLevel>
  <property name="seleniumVersion">3.7.1</property>
</record>
<record>
  <date>2018-12-14T09:50:12</date>
  <millis>1544761212160</millis>
  <sequence>16</sequence>
  <level>RUN_DATA</level>
  <class>com.kms.katalon.core.logging.XmlKeywordLogger</class>
  <method>logMessage</method>
  <thread>1</thread>
  <message>proxyInformation = ProxyInformation{proxyOption=NO_PROXY, proxyServerType=HTTP, password=, proxyServerAddress=, proxyServerPort=0}</message>
  <nestedLevel>1</nestedLevel>
  <property name="proxyInformation">ProxyInformation{proxyOption=NO_PROXY, proxyServerType=HTTP, password=, proxyServerAddress=, proxyServerPort=0}</property>
</record>
<record>
  <date>2018-12-14T09:50:12</date>
  <millis>1544761212162</millis>
  <sequence>17</sequence>
  <level>PASSED</level>
  <class>com.kms.katalon.core.logging.XmlKeywordLogger</class>
  <method>logMessage</method>
  <thread>1</thread>
  <message>Browser is opened with url: &amp;apos;&amp;apos;</message>
  <nestedLevel>1</nestedLevel>
</record>
<record>
  <date>2018-12-14T09:50:12</date>
  <millis>1544761212171</millis>
  <sequence>18</sequence>
  <level>END</level>
  <class>com.kms.katalon.core.logging.XmlKeywordLogger</class>
  <method>endKeyword</method>
  <thread>1</thread>
  <message>End action : openBrowser(\&amp;quot;\&amp;quot;)</message>
  <nestedLevel>1</nestedLevel>
</record>
<record>
  <date>2018-12-14T09:50:12</date>
  <millis>1544761212177</millis>
  <sequence>19</sequence>
  <level>START</level>
  <class>com.kms.katalon.core.logging.XmlKeywordLogger</class>
  <method>startKeyword</method>
  <thread>1</thread>
  <message>Start action : maximizeWindow()</message>
  <nestedLevel>1</nestedLevel>
  <property name="startLine">18</property>
  <property name="stepIndex">2</property>
</record>
<record>
  <date>2018-12-14T09:50:13</date>
  <millis>1544761213595</millis>
  <sequence>21</sequence>
  <level>PASSED</level>
  <class>com.kms.katalon.core.logging.XmlKeywordLogger</class>
  <method>logMessage</method>
  <thread>1</thread>
  <message>Current window maximized</message>
  <nestedLevel>1</nestedLevel>
</record>
<record>
  <date>2018-12-14T09:50:13</date>
  <millis>1544761213597</millis>
  <sequence>22</sequence>
  <level>END</level>
  <class>com.kms.katalon.core.logging.XmlKeywordLogger</class>
  <method>endKeyword</method>
  <thread>1</thread>
  <message>End action : maximizeWindow()</message>
  <nestedLevel>1</nestedLevel>
</record>
<record>
  <date>2018-12-14T09:50:13</date>
  <millis>1544761213597</millis>
  <sequence>23</sequence>
  <level>START</level>
  <class>com.kms.katalon.core.logging.XmlKeywordLogger</class>
  <method>startKeyword</method>
  <thread>1</thread>
  <message>Start action : navigateToUrl(HeliumURL)</message>
  <nestedLevel>1</nestedLevel>
  <property name="startLine">19</property>
  <property name="stepIndex">3</property>
</record>
<record>
  <date>2018-12-14T09:50:35</date>
  <millis>1544761235009</millis>
  <sequence>26</sequence>
  <level>PASSED</level>
  <class>com.kms.katalon.core.logging.XmlKeywordLogger</class>
  <method>logMessage</method>
  <thread>1</thread>
  <message>Navigate to &amp;apos;http://qa.heliumats.com/#/login&amp;apos; successfully</message>
  <nestedLevel>1</nestedLevel>
</record>
<record>
  <date>2018-12-14T09:50:35</date>
  <millis>1544761235011</millis>
  <sequence>27</sequence>
  <level>END</level>
  <class>com.kms.katalon.core.logging.XmlKeywordLogger</class>
  <method>endKeyword</method>
  <thread>1</thread>
  <message>End action : navigateToUrl(HeliumURL)</message>
  <nestedLevel>1</nestedLevel>
</record>
<record>
  <date>2018-12-14T09:50:35</date>
  <millis>1544761235011</millis>
  <sequence>28</sequence>
  <level>START</level>
  <class>com.kms.katalon.core.logging.XmlKeywordLogger</class>
  <method>startKeyword</method>
  <thread>1</thread>
  <message>Start action : delay(3)</message>
  <nestedLevel>1</nestedLevel>
  <property name="startLine">20</property>
  <property name="stepIndex">4</property>
</record>
<record>
  <date>2018-12-14T09:50:38</date>
  <millis>1544761238239</millis>
  <sequence>30</sequence>
  <level>PASSED</level>
  <class>com.kms.katalon.core.logging.XmlKeywordLogger</class>
  <method>logMessage</method>
  <thread>1</thread>
  <message>Delayed 3 second(s)</message>
  <nestedLevel>1</nestedLevel>
</record>
<record>
  <date>2018-12-14T09:50:38</date>
  <millis>1544761238240</millis>
  <sequence>31</sequence>
  <level>END</level>
  <class>com.kms.katalon.core.logging.XmlKeywordLogger</class>
  <method>endKeyword</method>
  <thread>1</thread>
  <message>End action : delay(3)</message>
  <nestedLevel>1</nestedLevel>
</record>
<record>
  <date>2018-12-14T09:50:38</date>
  <millis>1544761238245</millis>
  <sequence>32</sequence>
  <level>START</level>
  <class>com.kms.katalon.core.logging.XmlKeywordLogger</class>
  <method>startKeyword</method>
  <thread>1</thread>
  <message>Start action : setText(findTestObject(\&amp;quot;Object Repository/HeliumEdgeLogin/Email\&amp;quot;), \&amp;quot;bharatpatel@heliumedge.com\&amp;quot;)</message>
  <nestedLevel>1</nestedLevel>
  <property name="startLine">21</property>
  <property name="stepIndex">5</property>
</record>
<record>
  <date>2018-12-14T09:50:39</date>
  <millis>1544761239672</millis>
  <sequence>44</sequence>
  <level>PASSED</level>
  <class>com.kms.katalon.core.logging.XmlKeywordLogger</class>
  <method>logMessage</method>
  <thread>1</thread>
  <message>Text &amp;apos;bharatpatel@heliumedge.com&amp;apos; is set on object &amp;apos;Object Repository/HeliumEdgeLogin/Email&amp;apos;</message>
  <nestedLevel>1</nestedLevel>
</record>
<record>
  <date>2018-12-14T09:50:39</date>
  <millis>1544761239673</millis>
  <sequence>45</sequence>
  <level>END</level>
  <class>com.kms.katalon.core.logging.XmlKeywordLogger</class>
  <method>endKeyword</method>
  <thread>1</thread>
  <message>End action : setText(findTestObject(\&amp;quot;Object Repository/HeliumEdgeLogin/Email\&amp;quot;), \&amp;quot;bharatpatel@heliumedge.com\&amp;quot;)</message>
  <nestedLevel>1</nestedLevel>
</record>
<record>
  <date>2018-12-14T09:50:39</date>
  <millis>1544761239673</millis>
  <sequence>46</sequence>
  <level>START</level>
  <class>com.kms.katalon.core.logging.XmlKeywordLogger</class>
  <method>startKeyword</method>
  <thread>1</thread>
  <message>Start action : delay(2)</message>
  <nestedLevel>1</nestedLevel>
  <property name="startLine">22</property>
  <property name="stepIndex">6</property>
</record>
<record>
  <date>2018-12-14T09:50:41</date>
  <millis>1544761241678</millis>
  <sequence>48</sequence>
  <level>PASSED</level>
  <class>com.kms.katalon.core.logging.XmlKeywordLogger</class>
  <method>logMessage</method>
  <thread>1</thread>
  <message>Delayed 2 second(s)</message>
  <nestedLevel>1</nestedLevel>
</record>
<record>
  <date>2018-12-14T09:50:41</date>
  <millis>1544761241679</millis>
  <sequence>49</sequence>
  <level>END</level>
  <class>com.kms.katalon.core.logging.XmlKeywordLogger</class>
  <method>endKeyword</method>
  <thread>1</thread>
  <message>End action : delay(2)</message>
  <nestedLevel>1</nestedLevel>
</record>
<record>
  <date>2018-12-14T09:50:41</date>
  <millis>1544761241680</millis>
  <sequence>50</sequence>
  <level>START</level>
  <class>com.kms.katalon.core.logging.XmlKeywordLogger</class>
  <method>startKeyword</method>
  <thread>1</thread>
  <message>Start action : setEncryptedText(findTestObject(\&amp;quot;Object Repository/HeliumEdgeLogin/Password\&amp;quot;), \&amp;quot;5aLQ3jby8vDK+DxezdXnZw==\&amp;quot;)</message>
  <nestedLevel>1</nestedLevel>
  <property name="startLine">23</property>
  <property name="stepIndex">7</property>
</record>
<record>
  <date>2018-12-14T09:50:42</date>
  <millis>1544761242626</millis>
  <sequence>59</sequence>
  <level>PASSED</level>
  <class>com.kms.katalon.core.logging.XmlKeywordLogger</class>
  <method>logMessage</method>
  <thread>1</thread>
  <message>Text ****** has been set on object &amp;apos;Object Repository/HeliumEdgeLogin/Password&amp;apos;</message>
  <nestedLevel>1</nestedLevel>
</record>
<record>
  <date>2018-12-14T09:50:42</date>
  <millis>1544761242628</millis>
  <sequence>60</sequence>
  <level>END</level>
  <class>com.kms.katalon.core.logging.XmlKeywordLogger</class>
  <method>endKeyword</method>
  <thread>1</thread>
  <message>End action : setEncryptedText(findTestObject(\&amp;quot;Object Repository/HeliumEdgeLogin/Password\&amp;quot;), \&amp;quot;5aLQ3jby8vDK+DxezdXnZw==\&amp;quot;)</message>
  <nestedLevel>1</nestedLevel>
</record>
<record>
  <date>2018-12-14T09:50:42</date>
  <millis>1544761242628</millis>
  <sequence>61</sequence>
  <level>START</level>
  <class>com.kms.katalon.core.logging.XmlKeywordLogger</class>
  <method>startKeyword</method>
  <thread>1</thread>
  <message>Start action : delay(2)</message>
  <nestedLevel>1</nestedLevel>
  <property name="startLine">24</property>
  <property name="stepIndex">8</property>
</record>
<record>
  <date>2018-12-14T09:50:44</date>
  <millis>1544761244638</millis>
  <sequence>63</sequence>
  <level>PASSED</level>
  <class>com.kms.katalon.core.logging.XmlKeywordLogger</class>
  <method>logMessage</method>
  <thread>1</thread>
  <message>Delayed 2 second(s)</message>
  <nestedLevel>1</nestedLevel>
</record>
<record>
  <date>2018-12-14T09:50:44</date>
  <millis>1544761244640</millis>
  <sequence>64</sequence>
  <level>END</level>
  <class>com.kms.katalon.core.logging.XmlKeywordLogger</class>
  <method>endKeyword</method>
  <thread>1</thread>
  <message>End action : delay(2)</message>
  <nestedLevel>1</nestedLevel>
</record>
<record>
  <date>2018-12-14T09:50:44</date>
  <millis>1544761244640</millis>
  <sequence>65</sequence>
  <level>START</level>
  <class>com.kms.katalon.core.logging.XmlKeywordLogger</class>
  <method>startKeyword</method>
  <thread>1</thread>
  <message>Start action : click(findTestObject(\&amp;quot;Object Repository/HeliumEdgeLogin/LoginButton\&amp;quot;))</message>
  <nestedLevel>1</nestedLevel>
  <property name="startLine">25</property>
  <property name="stepIndex">9</property>
</record>
<record>
  <date>2018-12-14T09:50:44</date>
  <millis>1544761244942</millis>
  <sequence>72</sequence>
  <level>PASSED</level>
  <class>com.kms.katalon.core.logging.XmlKeywordLogger</class>
  <method>logMessage</method>
  <thread>1</thread>
  <message>Object: &amp;apos;Object Repository/HeliumEdgeLogin/LoginButton&amp;apos; is clicked on</message>
  <nestedLevel>1</nestedLevel>
</record>
<record>
  <date>2018-12-14T09:50:44</date>
  <millis>1544761244943</millis>
  <sequence>73</sequence>
  <level>END</level>
  <class>com.kms.katalon.core.logging.XmlKeywordLogger</class>
  <method>endKeyword</method>
  <thread>1</thread>
  <message>End action : click(findTestObject(\&amp;quot;Object Repository/HeliumEdgeLogin/LoginButton\&amp;quot;))</message>
  <nestedLevel>1</nestedLevel>
</record>
<record>
  <date>2018-12-14T09:50:44</date>
  <millis>1544761244944</millis>
  <sequence>74</sequence>
  <level>START</level>
  <class>com.kms.katalon.core.logging.XmlKeywordLogger</class>
  <method>startKeyword</method>
  <thread>1</thread>
  <message>Start action : delay(4)</message>
  <nestedLevel>1</nestedLevel>
  <property name="startLine">26</property>
  <property name="stepIndex">10</property>
</record>
<record>
  <date>2018-12-14T09:50:48</date>
  <millis>1544761248948</millis>
  <sequence>76</sequence>
  <level>PASSED</level>
  <class>com.kms.katalon.core.logging.XmlKeywordLogger</class>
  <method>logMessage</method>
  <thread>1</thread>
  <message>Delayed 4 second(s)</message>
  <nestedLevel>1</nestedLevel>
</record>
<record>
  <date>2018-12-14T09:50:48</date>
  <millis>1544761248961</millis>
  <sequence>77</sequence>
  <level>END</level>
  <class>com.kms.katalon.core.logging.XmlKeywordLogger</class>
  <method>endKeyword</method>
  <thread>1</thread>
  <message>End action : delay(4)</message>
  <nestedLevel>1</nestedLevel>
</record>
<record>
  <date>2018-12-14T09:50:48</date>
  <millis>1544761248961</millis>
  <sequence>78</sequence>
  <level>PASSED</level>
  <class>com.kms.katalon.core.logging.XmlKeywordLogger</class>
  <method>logMessage</method>
  <thread>1</thread>
  <message>Test Cases/HeliumEdge_Login/HEL_001</message>
  <nestedLevel>1</nestedLevel>
</record>
<record>
  <date>2018-12-14T09:50:48</date>
  <millis>1544761248965</millis>
  <sequence>79</sequence>
  <level>END</level>
  <class>com.kms.katalon.core.logging.XmlKeywordLogger</class>
  <method>endTest</method>
  <thread>1</thread>
  <message>End Test Case : Test Cases/HeliumEdge_Login/HEL_001</message>
  <nestedLevel>0</nestedLevel>
</record>
<record>
  <date>2018-12-14T09:50:49</date>
  <millis>1544761249120</millis>
  <sequence>80</sequence>
  <level>START</level>
  <class>com.kms.katalon.core.logging.XmlKeywordLogger</class>
  <method>startTest</method>
  <thread>1</thread>
  <message>Start Test Case : Test Cases/HeliumEdge_Login/HEL_002</message>
  <nestedLevel>1</nestedLevel>
  <property name="name">Test Cases/HeliumEdge_Login/HEL_002</property>
  <property name="description">This test case pass various data into login form with datadriven method.\nAll combinations cover through this testcase.</property>
  <property name="id">Test Cases/HeliumEdge_Login/HEL_002</property>
  <property name="source">C:\\Users\\admin\\Katalon Studio\\HeliumAutomationProject\\Test Cases\\HeliumEdge_Login\\HEL_002.tc</property>
  <property name="isOptional">false</property>
</record>
<record>
  <date>2018-12-14T09:50:53</date>
  <millis>1544761253403</millis>
  <sequence>82</sequence>
  <level>START</level>
  <class>com.kms.katalon.core.logging.XmlKeywordLogger</class>
  <method>startKeyword</method>
  <thread>1</thread>
  <message>Start action : openBrowser(\&amp;quot;\&amp;quot;)</message>
  <nestedLevel>1</nestedLevel>
  <property name="startLine">35</property>
  <property name="stepIndex">1</property>
  <property name="description">Helium Edge login with various credentials</property>
</record>
<record>
  <date>2018-12-14T09:50:53</date>
  <millis>1544761253423</millis>
  <sequence>84</sequence>
  <level>WARNING</level>
  <class>com.kms.katalon.core.logging.XmlKeywordLogger</class>
  <method>logMessage</method>
  <thread>1</thread>
  <message>A browser is already opened. Closing browser and opening a new one</message>
  <nestedLevel>1</nestedLevel>
</record>
<record>
  <date>2018-12-14T09:50:55</date>
  <millis>1544761255821</millis>
  <sequence>85</sequence>
  <level>INFO</level>
  <class>com.kms.katalon.core.logging.XmlKeywordLogger</class>
  <method>logMessage</method>
  <thread>1</thread>
  <message>Starting &amp;apos;Chrome&amp;apos; driver</message>
  <nestedLevel>1</nestedLevel>
</record>
<record>
  <date>2018-12-14T09:50:58</date>
  <millis>1544761258958</millis>
  <sequence>87</sequence>
  <level>RUN_DATA</level>
  <class>com.kms.katalon.core.logging.XmlKeywordLogger</class>
  <method>logMessage</method>
  <thread>1</thread>
  <message>sessionId = 1d165e0727ea8b8cfcab961fcd71ae1c</message>
  <nestedLevel>1</nestedLevel>
  <property name="sessionId">1d165e0727ea8b8cfcab961fcd71ae1c</property>
</record>
<record>
  <date>2018-12-14T09:50:59</date>
  <millis>1544761259320</millis>
  <sequence>88</sequence>
  <level>RUN_DATA</level>
  <class>com.kms.katalon.core.logging.XmlKeywordLogger</class>
  <method>logMessage</method>
  <thread>1</thread>
  <message>browser = Chrome 70.0.3538.110</message>
  <nestedLevel>1</nestedLevel>
  <property name="browser">Chrome 70.0.3538.110</property>
</record>
<record>
  <date>2018-12-14T09:50:59</date>
  <millis>1544761259322</millis>
  <sequence>89</sequence>
  <level>RUN_DATA</level>
  <class>com.kms.katalon.core.logging.XmlKeywordLogger</class>
  <method>logMessage</method>
  <thread>1</thread>
  <message>platform = Windows 10</message>
  <nestedLevel>1</nestedLevel>
  <property name="platform">Windows 10</property>
</record>
<record>
  <date>2018-12-14T09:50:59</date>
  <millis>1544761259324</millis>
  <sequence>90</sequence>
  <level>RUN_DATA</level>
  <class>com.kms.katalon.core.logging.XmlKeywordLogger</class>
  <method>logMessage</method>
  <thread>1</thread>
  <message>seleniumVersion = 3.7.1</message>
  <nestedLevel>1</nestedLevel>
  <property name="seleniumVersion">3.7.1</property>
</record>
<record>
  <date>2018-12-14T09:50:59</date>
  <millis>1544761259325</millis>
  <sequence>91</sequence>
  <level>RUN_DATA</level>
  <class>com.kms.katalon.core.logging.XmlKeywordLogger</class>
  <method>logMessage</method>
  <thread>1</thread>
  <message>proxyInformation = ProxyInformation{proxyOption=NO_PROXY, proxyServerType=HTTP, password=, proxyServerAddress=, proxyServerPort=0}</message>
  <nestedLevel>1</nestedLevel>
  <property name="proxyInformation">ProxyInformation{proxyOption=NO_PROXY, proxyServerType=HTTP, password=, proxyServerAddress=, proxyServerPort=0}</property>
</record>
<record>
  <date>2018-12-14T09:50:59</date>
  <millis>1544761259326</millis>
  <sequence>92</sequence>
  <level>PASSED</level>
  <class>com.kms.katalon.core.logging.XmlKeywordLogger</class>
  <method>logMessage</method>
  <thread>1</thread>
  <message>Browser is opened with url: &amp;apos;&amp;apos;</message>
  <nestedLevel>1</nestedLevel>
</record>
<record>
  <date>2018-12-14T09:50:59</date>
  <millis>1544761259333</millis>
  <sequence>93</sequence>
  <level>END</level>
  <class>com.kms.katalon.core.logging.XmlKeywordLogger</class>
  <method>endKeyword</method>
  <thread>1</thread>
  <message>End action : openBrowser(\&amp;quot;\&amp;quot;)</message>
  <nestedLevel>1</nestedLevel>
</record>
<record>
  <date>2018-12-14T09:50:59</date>
  <millis>1544761259334</millis>
  <sequence>94</sequence>
  <level>START</level>
  <class>com.kms.katalon.core.logging.XmlKeywordLogger</class>
  <method>startKeyword</method>
  <thread>1</thread>
  <message>Start action : maximizeWindow()</message>
  <nestedLevel>1</nestedLevel>
  <property name="startLine">36</property>
  <property name="stepIndex">2</property>
</record>
<record>
  <date>2018-12-14T09:51:00</date>
  <millis>1544761260542</millis>
  <sequence>96</sequence>
  <level>PASSED</level>
  <class>com.kms.katalon.core.logging.XmlKeywordLogger</class>
  <method>logMessage</method>
  <thread>1</thread>
  <message>Current window maximized</message>
  <nestedLevel>1</nestedLevel>
</record>
<record>
  <date>2018-12-14T09:51:00</date>
  <millis>1544761260544</millis>
  <sequence>97</sequence>
  <level>END</level>
  <class>com.kms.katalon.core.logging.XmlKeywordLogger</class>
  <method>endKeyword</method>
  <thread>1</thread>
  <message>End action : maximizeWindow()</message>
  <nestedLevel>1</nestedLevel>
</record>
<record>
  <date>2018-12-14T09:51:00</date>
  <millis>1544761260544</millis>
  <sequence>98</sequence>
  <level>START</level>
  <class>com.kms.katalon.core.logging.XmlKeywordLogger</class>
  <method>startKeyword</method>
  <thread>1</thread>
  <message>Start action : navigateToUrl(HeliumURL)</message>
  <nestedLevel>1</nestedLevel>
  <property name="startLine">37</property>
  <property name="stepIndex">3</property>
</record>
<record>
  <date>2018-12-14T09:51:14</date>
  <millis>1544761274926</millis>
  <sequence>101</sequence>
  <level>PASSED</level>
  <class>com.kms.katalon.core.logging.XmlKeywordLogger</class>
  <method>logMessage</method>
  <thread>1</thread>
  <message>Navigate to &amp;apos;http://qa.heliumats.com/#/login&amp;apos; successfully</message>
  <nestedLevel>1</nestedLevel>
</record>
<record>
  <date>2018-12-14T09:51:14</date>
  <millis>1544761274945</millis>
  <sequence>102</sequence>
  <level>END</level>
  <class>com.kms.katalon.core.logging.XmlKeywordLogger</class>
  <method>endKeyword</method>
  <thread>1</thread>
  <message>End action : navigateToUrl(HeliumURL)</message>
  <nestedLevel>1</nestedLevel>
</record>
<record>
  <date>2018-12-14T09:51:14</date>
  <millis>1544761274947</millis>
  <sequence>103</sequence>
  <level>START</level>
  <class>com.kms.katalon.core.logging.XmlKeywordLogger</class>
  <method>startKeyword</method>
  <thread>1</thread>
  <message>Start action : delay(3)</message>
  <nestedLevel>1</nestedLevel>
  <property name="startLine">38</property>
  <property name="stepIndex">4</property>
</record>
<record>
  <date>2018-12-14T09:51:17</date>
  <millis>1544761277949</millis>
  <sequence>105</sequence>
  <level>PASSED</level>
  <class>com.kms.katalon.core.logging.XmlKeywordLogger</class>
  <method>logMessage</method>
  <thread>1</thread>
  <message>Delayed 3 second(s)</message>
  <nestedLevel>1</nestedLevel>
</record>
<record>
  <date>2018-12-14T09:51:17</date>
  <millis>1544761277951</millis>
  <sequence>106</sequence>
  <level>END</level>
  <class>com.kms.katalon.core.logging.XmlKeywordLogger</class>
  <method>endKeyword</method>
  <thread>1</thread>
  <message>End action : delay(3)</message>
  <nestedLevel>1</nestedLevel>
</record>
<record>
  <date>2018-12-14T09:51:17</date>
  <millis>1544761277954</millis>
  <sequence>107</sequence>
  <level>START</level>
  <class>com.kms.katalon.core.logging.XmlKeywordLogger</class>
  <method>startKeyword</method>
  <thread>1</thread>
  <message>Start action : file = new java.io.FileInputStream(new java.io.File(internal.GlobalVariable.CredentialFile))</message>
  <nestedLevel>1</nestedLevel>
  <property name="startLine">40</property>
  <property name="stepIndex">5</property>
</record>
<record>
  <date>2018-12-14T09:51:18</date>
  <millis>1544761278080</millis>
  <sequence>108</sequence>
  <level>END</level>
  <class>com.kms.katalon.core.logging.XmlKeywordLogger</class>
  <method>endKeyword</method>
  <thread>1</thread>
  <message>End action : file = new java.io.FileInputStream(new java.io.File(internal.GlobalVariable.CredentialFile))</message>
  <nestedLevel>1</nestedLevel>
</record>
<record>
  <date>2018-12-14T09:51:18</date>
  <millis>1544761278080</millis>
  <sequence>109</sequence>
  <level>START</level>
  <class>com.kms.katalon.core.logging.XmlKeywordLogger</class>
  <method>startKeyword</method>
  <thread>1</thread>
  <message>Start action : workbook = new org.apache.poi.xssf.usermodel.XSSFWorkbook(file)</message>
  <nestedLevel>1</nestedLevel>
  <property name="startLine">41</property>
  <property name="stepIndex">6</property>
</record>
<record>
  <date>2018-12-14T09:51:19</date>
  <millis>1544761279940</millis>
  <sequence>110</sequence>
  <level>END</level>
  <class>com.kms.katalon.core.logging.XmlKeywordLogger</class>
  <method>endKeyword</method>
  <thread>1</thread>
  <message>End action : workbook = new org.apache.poi.xssf.usermodel.XSSFWorkbook(file)</message>
  <nestedLevel>1</nestedLevel>
</record>
<record>
  <date>2018-12-14T09:51:19</date>
  <millis>1544761279941</millis>
  <sequence>111</sequence>
  <level>START</level>
  <class>com.kms.katalon.core.logging.XmlKeywordLogger</class>
  <method>startKeyword</method>
  <thread>1</thread>
  <message>Start action : sheet = workbook.getSheetAt(0)</message>
  <nestedLevel>1</nestedLevel>
  <property name="startLine">42</property>
  <property name="stepIndex">7</property>
</record>
<record>
  <date>2018-12-14T09:51:19</date>
  <millis>1544761279944</millis>
  <sequence>112</sequence>
  <level>END</level>
  <class>com.kms.katalon.core.logging.XmlKeywordLogger</class>
  <method>endKeyword</method>
  <thread>1</thread>
  <message>End action : sheet = workbook.getSheetAt(0)</message>
  <nestedLevel>1</nestedLevel>
</record>
<record>
  <date>2018-12-14T09:51:19</date>
  <millis>1544761279945</millis>
  <sequence>113</sequence>
  <level>START</level>
  <class>com.kms.katalon.core.logging.XmlKeywordLogger</class>
  <method>startKeyword</method>
  <thread>1</thread>
  <message>Start action : Rowcount = sheet.getLastRowNum()</message>
  <nestedLevel>1</nestedLevel>
  <property name="startLine">43</property>
  <property name="stepIndex">8</property>
</record>
<record>
  <date>2018-12-14T09:51:20</date>
  <millis>1544761280069</millis>
  <sequence>114</sequence>
  <level>END</level>
  <class>com.kms.katalon.core.logging.XmlKeywordLogger</class>
  <method>endKeyword</method>
  <thread>1</thread>
  <message>End action : Rowcount = sheet.getLastRowNum()</message>
  <nestedLevel>1</nestedLevel>
</record>
<record>
  <date>2018-12-14T09:51:20</date>
  <millis>1544761280069</millis>
  <sequence>115</sequence>
  <level>START</level>
  <class>com.kms.katalon.core.logging.XmlKeywordLogger</class>
  <method>startKeyword</method>
  <thread>1</thread>
  <message>Start action : for ([row = 1, row &amp;lt;= Rowcount, (row++)])</message>
  <nestedLevel>1</nestedLevel>
  <property name="startLine">45</property>
  <property name="stepIndex">9</property>
</record>
<record>
  <date>2018-12-14T09:51:20</date>
  <millis>1544761280073</millis>
  <sequence>116</sequence>
  <level>START</level>
  <class>com.kms.katalon.core.logging.XmlKeywordLogger</class>
  <method>startKeyword</method>
  <thread>1</thread>
  <message>Start action : Username = getStringCellValue().trim()</message>
  <nestedLevel>2</nestedLevel>
  <property name="startLine">48</property>
  <property name="stepIndex">1</property>
</record>
<record>
  <date>2018-12-14T09:51:20</date>
  <millis>1544761280196</millis>
  <sequence>117</sequence>
  <level>END</level>
  <class>com.kms.katalon.core.logging.XmlKeywordLogger</class>
  <method>endKeyword</method>
  <thread>1</thread>
  <message>End action : Username = getStringCellValue().trim()</message>
  <nestedLevel>2</nestedLevel>
</record>
<record>
  <date>2018-12-14T09:51:20</date>
  <millis>1544761280196</millis>
  <sequence>118</sequence>
  <level>START</level>
  <class>com.kms.katalon.core.logging.XmlKeywordLogger</class>
  <method>startKeyword</method>
  <thread>1</thread>
  <message>Start action : setText(findTestObject(\&amp;quot;Object Repository/HeliumEdgeLogin/Email\&amp;quot;), Username)</message>
  <nestedLevel>2</nestedLevel>
  <property name="startLine">49</property>
  <property name="stepIndex">2</property>
</record>
<record>
  <date>2018-12-14T09:51:21</date>
  <millis>1544761281328</millis>
  <sequence>130</sequence>
  <level>PASSED</level>
  <class>com.kms.katalon.core.logging.XmlKeywordLogger</class>
  <method>logMessage</method>
  <thread>1</thread>
  <message>Text &amp;apos;invalidemail@heliumedge.com&amp;apos; is set on object &amp;apos;Object Repository/HeliumEdgeLogin/Email&amp;apos;</message>
  <nestedLevel>1</nestedLevel>
</record>
<record>
  <date>2018-12-14T09:51:21</date>
  <millis>1544761281330</millis>
  <sequence>131</sequence>
  <level>END</level>
  <class>com.kms.katalon.core.logging.XmlKeywordLogger</class>
  <method>endKeyword</method>
  <thread>1</thread>
  <message>End action : setText(findTestObject(\&amp;quot;Object Repository/HeliumEdgeLogin/Email\&amp;quot;), Username)</message>
  <nestedLevel>2</nestedLevel>
</record>
<record>
  <date>2018-12-14T09:51:21</date>
  <millis>1544761281331</millis>
  <sequence>132</sequence>
  <level>START</level>
  <class>com.kms.katalon.core.logging.XmlKeywordLogger</class>
  <method>startKeyword</method>
  <thread>1</thread>
  <message>Start action : delay(3)</message>
  <nestedLevel>2</nestedLevel>
  <property name="startLine">50</property>
  <property name="stepIndex">3</property>
</record>
<record>
  <date>2018-12-14T09:51:24</date>
  <millis>1544761284333</millis>
  <sequence>134</sequence>
  <level>PASSED</level>
  <class>com.kms.katalon.core.logging.XmlKeywordLogger</class>
  <method>logMessage</method>
  <thread>1</thread>
  <message>Delayed 3 second(s)</message>
  <nestedLevel>1</nestedLevel>
</record>
<record>
  <date>2018-12-14T09:51:24</date>
  <millis>1544761284334</millis>
  <sequence>135</sequence>
  <level>END</level>
  <class>com.kms.katalon.core.logging.XmlKeywordLogger</class>
  <method>endKeyword</method>
  <thread>1</thread>
  <message>End action : delay(3)</message>
  <nestedLevel>2</nestedLevel>
</record>
<record>
  <date>2018-12-14T09:51:24</date>
  <millis>1544761284335</millis>
  <sequence>136</sequence>
  <level>START</level>
  <class>com.kms.katalon.core.logging.XmlKeywordLogger</class>
  <method>startKeyword</method>
  <thread>1</thread>
  <message>Start action : Password = getCell(1).getStringCellValue()</message>
  <nestedLevel>2</nestedLevel>
  <property name="startLine">52</property>
  <property name="stepIndex">4</property>
</record>
<record>
  <date>2018-12-14T09:51:24</date>
  <millis>1544761284339</millis>
  <sequence>137</sequence>
  <level>END</level>
  <class>com.kms.katalon.core.logging.XmlKeywordLogger</class>
  <method>endKeyword</method>
  <thread>1</thread>
  <message>End action : Password = getCell(1).getStringCellValue()</message>
  <nestedLevel>2</nestedLevel>
</record>
<record>
  <date>2018-12-14T09:51:24</date>
  <millis>1544761284339</millis>
  <sequence>138</sequence>
  <level>START</level>
  <class>com.kms.katalon.core.logging.XmlKeywordLogger</class>
  <method>startKeyword</method>
  <thread>1</thread>
  <message>Start action : setText(findTestObject(\&amp;quot;Object Repository/HeliumEdgeLogin/Password\&amp;quot;), Password)</message>
  <nestedLevel>2</nestedLevel>
  <property name="startLine">53</property>
  <property name="stepIndex">5</property>
</record>
<record>
  <date>2018-12-14T09:51:24</date>
  <millis>1544761284752</millis>
  <sequence>150</sequence>
  <level>PASSED</level>
  <class>com.kms.katalon.core.logging.XmlKeywordLogger</class>
  <method>logMessage</method>
  <thread>1</thread>
  <message>Text &amp;apos;akashshah&amp;apos; is set on object &amp;apos;Object Repository/HeliumEdgeLogin/Password&amp;apos;</message>
  <nestedLevel>1</nestedLevel>
</record>
<record>
  <date>2018-12-14T09:51:24</date>
  <millis>1544761284754</millis>
  <sequence>151</sequence>
  <level>END</level>
  <class>com.kms.katalon.core.logging.XmlKeywordLogger</class>
  <method>endKeyword</method>
  <thread>1</thread>
  <message>End action : setText(findTestObject(\&amp;quot;Object Repository/HeliumEdgeLogin/Password\&amp;quot;), Password)</message>
  <nestedLevel>2</nestedLevel>
</record>
<record>
  <date>2018-12-14T09:51:24</date>
  <millis>1544761284754</millis>
  <sequence>152</sequence>
  <level>START</level>
  <class>com.kms.katalon.core.logging.XmlKeywordLogger</class>
  <method>startKeyword</method>
  <thread>1</thread>
  <message>Start action : delay(3)</message>
  <nestedLevel>2</nestedLevel>
  <property name="startLine">54</property>
  <property name="stepIndex">6</property>
</record>
<record>
  <date>2018-12-14T09:51:27</date>
  <millis>1544761287759</millis>
  <sequence>154</sequence>
  <level>PASSED</level>
  <class>com.kms.katalon.core.logging.XmlKeywordLogger</class>
  <method>logMessage</method>
  <thread>1</thread>
  <message>Delayed 3 second(s)</message>
  <nestedLevel>1</nestedLevel>
</record>
<record>
  <date>2018-12-14T09:51:27</date>
  <millis>1544761287760</millis>
  <sequence>155</sequence>
  <level>END</level>
  <class>com.kms.katalon.core.logging.XmlKeywordLogger</class>
  <method>endKeyword</method>
  <thread>1</thread>
  <message>End action : delay(3)</message>
  <nestedLevel>2</nestedLevel>
</record>
<record>
  <date>2018-12-14T09:51:27</date>
  <millis>1544761287760</millis>
  <sequence>156</sequence>
  <level>START</level>
  <class>com.kms.katalon.core.logging.XmlKeywordLogger</class>
  <method>startKeyword</method>
  <thread>1</thread>
  <message>Start action : click(findTestObject(\&amp;quot;Object Repository/HeliumEdgeLogin/LoginButton\&amp;quot;))</message>
  <nestedLevel>2</nestedLevel>
  <property name="startLine">56</property>
  <property name="stepIndex">7</property>
</record>
<record>
  <date>2018-12-14T09:51:28</date>
  <millis>1544761288082</millis>
  <sequence>163</sequence>
  <level>PASSED</level>
  <class>com.kms.katalon.core.logging.XmlKeywordLogger</class>
  <method>logMessage</method>
  <thread>1</thread>
  <message>Object: &amp;apos;Object Repository/HeliumEdgeLogin/LoginButton&amp;apos; is clicked on</message>
  <nestedLevel>1</nestedLevel>
</record>
<record>
  <date>2018-12-14T09:51:28</date>
  <millis>1544761288083</millis>
  <sequence>164</sequence>
  <level>END</level>
  <class>com.kms.katalon.core.logging.XmlKeywordLogger</class>
  <method>endKeyword</method>
  <thread>1</thread>
  <message>End action : click(findTestObject(\&amp;quot;Object Repository/HeliumEdgeLogin/LoginButton\&amp;quot;))</message>
  <nestedLevel>2</nestedLevel>
</record>
<record>
  <date>2018-12-14T09:51:28</date>
  <millis>1544761288083</millis>
  <sequence>165</sequence>
  <level>START</level>
  <class>com.kms.katalon.core.logging.XmlKeywordLogger</class>
  <method>startKeyword</method>
  <thread>1</thread>
  <message>Start action : delay(6)</message>
  <nestedLevel>2</nestedLevel>
  <property name="startLine">57</property>
  <property name="stepIndex">8</property>
</record>
<record>
  <date>2018-12-14T09:51:34</date>
  <millis>1544761294084</millis>
  <sequence>167</sequence>
  <level>PASSED</level>
  <class>com.kms.katalon.core.logging.XmlKeywordLogger</class>
  <method>logMessage</method>
  <thread>1</thread>
  <message>Delayed 6 second(s)</message>
  <nestedLevel>1</nestedLevel>
</record>
<record>
  <date>2018-12-14T09:51:34</date>
  <millis>1544761294085</millis>
  <sequence>168</sequence>
  <level>END</level>
  <class>com.kms.katalon.core.logging.XmlKeywordLogger</class>
  <method>endKeyword</method>
  <thread>1</thread>
  <message>End action : delay(6)</message>
  <nestedLevel>2</nestedLevel>
</record>
<record>
  <date>2018-12-14T09:51:34</date>
  <millis>1544761294086</millis>
  <sequence>169</sequence>
  <level>START</level>
  <class>com.kms.katalon.core.logging.XmlKeywordLogger</class>
  <method>startKeyword</method>
  <thread>1</thread>
  <message>Start action : try</message>
  <nestedLevel>2</nestedLevel>
  <property name="startLine">59</property>
  <property name="stepIndex">9</property>
</record>
<record>
  <date>2018-12-14T09:51:34</date>
  <millis>1544761294090</millis>
  <sequence>170</sequence>
  <level>START</level>
  <class>com.kms.katalon.core.logging.XmlKeywordLogger</class>
  <method>startKeyword</method>
  <thread>1</thread>
  <message>Start action : ValidationMessage = getText(findTestObject(\&amp;quot;Object Repository/HeliumEdgeLoginValidation/LoginFailed\&amp;quot;))</message>
  <nestedLevel>3</nestedLevel>
  <property name="startLine">61</property>
  <property name="stepIndex">1</property>
</record>
<record>
  <date>2018-12-14T09:51:34</date>
  <millis>1544761294652</millis>
  <sequence>177</sequence>
  <level>PASSED</level>
  <class>com.kms.katalon.core.logging.XmlKeywordLogger</class>
  <method>logMessage</method>
  <thread>1</thread>
  <message>Text of object &amp;apos;Object Repository/HeliumEdgeLoginValidation/LoginFailed&amp;apos; is: &amp;apos;Login Failed! Please check email and password&amp;apos;</message>
  <nestedLevel>1</nestedLevel>
</record>
<record>
  <date>2018-12-14T09:51:34</date>
  <millis>1544761294653</millis>
  <sequence>178</sequence>
  <level>END</level>
  <class>com.kms.katalon.core.logging.XmlKeywordLogger</class>
  <method>endKeyword</method>
  <thread>1</thread>
  <message>End action : ValidationMessage = getText(findTestObject(\&amp;quot;Object Repository/HeliumEdgeLoginValidation/LoginFailed\&amp;quot;))</message>
  <nestedLevel>3</nestedLevel>
</record>
<record>
  <date>2018-12-14T09:51:34</date>
  <millis>1544761294654</millis>
  <sequence>179</sequence>
  <level>START</level>
  <class>com.kms.katalon.core.logging.XmlKeywordLogger</class>
  <method>startKeyword</method>
  <thread>1</thread>
  <message>Start action : println(ValidationMessage)</message>
  <nestedLevel>3</nestedLevel>
  <property name="startLine">62</property>
  <property name="stepIndex">2</property>
</record>
<record>
  <date>2018-12-14T09:51:35</date>
  <millis>1544761295206</millis>
  <sequence>180</sequence>
  <level>END</level>
  <class>com.kms.katalon.core.logging.XmlKeywordLogger</class>
  <method>endKeyword</method>
  <thread>1</thread>
  <message>End action : println(ValidationMessage)</message>
  <nestedLevel>3</nestedLevel>
</record>
<record>
  <date>2018-12-14T09:51:35</date>
  <millis>1544761295207</millis>
  <sequence>181</sequence>
  <level>END</level>
  <class>com.kms.katalon.core.logging.XmlKeywordLogger</class>
  <method>endKeyword</method>
  <thread>1</thread>
  <message>End action : try</message>
  <nestedLevel>2</nestedLevel>
</record>
<record>
  <date>2018-12-14T09:51:35</date>
  <millis>1544761295207</millis>
  <sequence>182</sequence>
  <level>START</level>
  <class>com.kms.katalon.core.logging.XmlKeywordLogger</class>
  <method>startKeyword</method>
  <thread>1</thread>
  <message>Start action : Username = getStringCellValue().trim()</message>
  <nestedLevel>2</nestedLevel>
  <property name="startLine">48</property>
  <property name="stepIndex">1</property>
</record>
<record>
  <date>2018-12-14T09:51:35</date>
  <millis>1544761295232</millis>
  <sequence>183</sequence>
  <level>END</level>
  <class>com.kms.katalon.core.logging.XmlKeywordLogger</class>
  <method>endKeyword</method>
  <thread>1</thread>
  <message>End action : Username = getStringCellValue().trim()</message>
  <nestedLevel>2</nestedLevel>
</record>
<record>
  <date>2018-12-14T09:51:35</date>
  <millis>1544761295234</millis>
  <sequence>184</sequence>
  <level>START</level>
  <class>com.kms.katalon.core.logging.XmlKeywordLogger</class>
  <method>startKeyword</method>
  <thread>1</thread>
  <message>Start action : setText(findTestObject(\&amp;quot;Object Repository/HeliumEdgeLogin/Email\&amp;quot;), Username)</message>
  <nestedLevel>2</nestedLevel>
  <property name="startLine">49</property>
  <property name="stepIndex">2</property>
</record>
<record>
  <date>2018-12-14T09:51:36</date>
  <millis>1544761296565</millis>
  <sequence>196</sequence>
  <level>PASSED</level>
  <class>com.kms.katalon.core.logging.XmlKeywordLogger</class>
  <method>logMessage</method>
  <thread>1</thread>
  <message>Text &amp;apos;bharatpatel@heliumedge.com&amp;apos; is set on object &amp;apos;Object Repository/HeliumEdgeLogin/Email&amp;apos;</message>
  <nestedLevel>1</nestedLevel>
</record>
<record>
  <date>2018-12-14T09:51:36</date>
  <millis>1544761296566</millis>
  <sequence>197</sequence>
  <level>END</level>
  <class>com.kms.katalon.core.logging.XmlKeywordLogger</class>
  <method>endKeyword</method>
  <thread>1</thread>
  <message>End action : setText(findTestObject(\&amp;quot;Object Repository/HeliumEdgeLogin/Email\&amp;quot;), Username)</message>
  <nestedLevel>2</nestedLevel>
</record>
<record>
  <date>2018-12-14T09:51:36</date>
  <millis>1544761296568</millis>
  <sequence>198</sequence>
  <level>START</level>
  <class>com.kms.katalon.core.logging.XmlKeywordLogger</class>
  <method>startKeyword</method>
  <thread>1</thread>
  <message>Start action : delay(3)</message>
  <nestedLevel>2</nestedLevel>
  <property name="startLine">50</property>
  <property name="stepIndex">3</property>
</record>
<record>
  <date>2018-12-14T09:51:39</date>
  <millis>1544761299570</millis>
  <sequence>200</sequence>
  <level>PASSED</level>
  <class>com.kms.katalon.core.logging.XmlKeywordLogger</class>
  <method>logMessage</method>
  <thread>1</thread>
  <message>Delayed 3 second(s)</message>
  <nestedLevel>1</nestedLevel>
</record>
<record>
  <date>2018-12-14T09:51:39</date>
  <millis>1544761299578</millis>
  <sequence>201</sequence>
  <level>END</level>
  <class>com.kms.katalon.core.logging.XmlKeywordLogger</class>
  <method>endKeyword</method>
  <thread>1</thread>
  <message>End action : delay(3)</message>
  <nestedLevel>2</nestedLevel>
</record>
<record>
  <date>2018-12-14T09:51:39</date>
  <millis>1544761299578</millis>
  <sequence>202</sequence>
  <level>START</level>
  <class>com.kms.katalon.core.logging.XmlKeywordLogger</class>
  <method>startKeyword</method>
  <thread>1</thread>
  <message>Start action : Password = getCell(1).getStringCellValue()</message>
  <nestedLevel>2</nestedLevel>
  <property name="startLine">52</property>
  <property name="stepIndex">4</property>
</record>
<record>
  <date>2018-12-14T09:51:39</date>
  <millis>1544761299580</millis>
  <sequence>203</sequence>
  <level>END</level>
  <class>com.kms.katalon.core.logging.XmlKeywordLogger</class>
  <method>endKeyword</method>
  <thread>1</thread>
  <message>End action : Password = getCell(1).getStringCellValue()</message>
  <nestedLevel>2</nestedLevel>
</record>
<record>
  <date>2018-12-14T09:51:39</date>
  <millis>1544761299580</millis>
  <sequence>204</sequence>
  <level>START</level>
  <class>com.kms.katalon.core.logging.XmlKeywordLogger</class>
  <method>startKeyword</method>
  <thread>1</thread>
  <message>Start action : setText(findTestObject(\&amp;quot;Object Repository/HeliumEdgeLogin/Password\&amp;quot;), Password)</message>
  <nestedLevel>2</nestedLevel>
  <property name="startLine">53</property>
  <property name="stepIndex">5</property>
</record>
<record>
  <date>2018-12-14T09:51:40</date>
  <millis>1544761300128</millis>
  <sequence>216</sequence>
  <level>PASSED</level>
  <class>com.kms.katalon.core.logging.XmlKeywordLogger</class>
  <method>logMessage</method>
  <thread>1</thread>
  <message>Text &amp;apos;invalidpassword&amp;apos; is set on object &amp;apos;Object Repository/HeliumEdgeLogin/Password&amp;apos;</message>
  <nestedLevel>1</nestedLevel>
</record>
<record>
  <date>2018-12-14T09:51:40</date>
  <millis>1544761300131</millis>
  <sequence>217</sequence>
  <level>END</level>
  <class>com.kms.katalon.core.logging.XmlKeywordLogger</class>
  <method>endKeyword</method>
  <thread>1</thread>
  <message>End action : setText(findTestObject(\&amp;quot;Object Repository/HeliumEdgeLogin/Password\&amp;quot;), Password)</message>
  <nestedLevel>2</nestedLevel>
</record>
<record>
  <date>2018-12-14T09:51:40</date>
  <millis>1544761300131</millis>
  <sequence>218</sequence>
  <level>START</level>
  <class>com.kms.katalon.core.logging.XmlKeywordLogger</class>
  <method>startKeyword</method>
  <thread>1</thread>
  <message>Start action : delay(3)</message>
  <nestedLevel>2</nestedLevel>
  <property name="startLine">54</property>
  <property name="stepIndex">6</property>
</record>
<record>
  <date>2018-12-14T09:51:43</date>
  <millis>1544761303131</millis>
  <sequence>220</sequence>
  <level>PASSED</level>
  <class>com.kms.katalon.core.logging.XmlKeywordLogger</class>
  <method>logMessage</method>
  <thread>1</thread>
  <message>Delayed 3 second(s)</message>
  <nestedLevel>1</nestedLevel>
</record>
<record>
  <date>2018-12-14T09:51:43</date>
  <millis>1544761303132</millis>
  <sequence>221</sequence>
  <level>END</level>
  <class>com.kms.katalon.core.logging.XmlKeywordLogger</class>
  <method>endKeyword</method>
  <thread>1</thread>
  <message>End action : delay(3)</message>
  <nestedLevel>2</nestedLevel>
</record>
<record>
  <date>2018-12-14T09:51:43</date>
  <millis>1544761303133</millis>
  <sequence>222</sequence>
  <level>START</level>
  <class>com.kms.katalon.core.logging.XmlKeywordLogger</class>
  <method>startKeyword</method>
  <thread>1</thread>
  <message>Start action : click(findTestObject(\&amp;quot;Object Repository/HeliumEdgeLogin/LoginButton\&amp;quot;))</message>
  <nestedLevel>2</nestedLevel>
  <property name="startLine">56</property>
  <property name="stepIndex">7</property>
</record>
<record>
  <date>2018-12-14T09:51:43</date>
  <millis>1544761303378</millis>
  <sequence>229</sequence>
  <level>PASSED</level>
  <class>com.kms.katalon.core.logging.XmlKeywordLogger</class>
  <method>logMessage</method>
  <thread>1</thread>
  <message>Object: &amp;apos;Object Repository/HeliumEdgeLogin/LoginButton&amp;apos; is clicked on</message>
  <nestedLevel>1</nestedLevel>
</record>
<record>
  <date>2018-12-14T09:51:43</date>
  <millis>1544761303380</millis>
  <sequence>230</sequence>
  <level>END</level>
  <class>com.kms.katalon.core.logging.XmlKeywordLogger</class>
  <method>endKeyword</method>
  <thread>1</thread>
  <message>End action : click(findTestObject(\&amp;quot;Object Repository/HeliumEdgeLogin/LoginButton\&amp;quot;))</message>
  <nestedLevel>2</nestedLevel>
</record>
<record>
  <date>2018-12-14T09:51:43</date>
  <millis>1544761303383</millis>
  <sequence>231</sequence>
  <level>START</level>
  <class>com.kms.katalon.core.logging.XmlKeywordLogger</class>
  <method>startKeyword</method>
  <thread>1</thread>
  <message>Start action : delay(6)</message>
  <nestedLevel>2</nestedLevel>
  <property name="startLine">57</property>
  <property name="stepIndex">8</property>
</record>
<record>
  <date>2018-12-14T09:51:49</date>
  <millis>1544761309387</millis>
  <sequence>233</sequence>
  <level>PASSED</level>
  <class>com.kms.katalon.core.logging.XmlKeywordLogger</class>
  <method>logMessage</method>
  <thread>1</thread>
  <message>Delayed 6 second(s)</message>
  <nestedLevel>1</nestedLevel>
</record>
<record>
  <date>2018-12-14T09:51:49</date>
  <millis>1544761309388</millis>
  <sequence>234</sequence>
  <level>END</level>
  <class>com.kms.katalon.core.logging.XmlKeywordLogger</class>
  <method>endKeyword</method>
  <thread>1</thread>
  <message>End action : delay(6)</message>
  <nestedLevel>2</nestedLevel>
</record>
<record>
  <date>2018-12-14T09:51:49</date>
  <millis>1544761309388</millis>
  <sequence>235</sequence>
  <level>START</level>
  <class>com.kms.katalon.core.logging.XmlKeywordLogger</class>
  <method>startKeyword</method>
  <thread>1</thread>
  <message>Start action : try</message>
  <nestedLevel>2</nestedLevel>
  <property name="startLine">59</property>
  <property name="stepIndex">9</property>
</record>
<record>
  <date>2018-12-14T09:51:49</date>
  <millis>1544761309390</millis>
  <sequence>236</sequence>
  <level>START</level>
  <class>com.kms.katalon.core.logging.XmlKeywordLogger</class>
  <method>startKeyword</method>
  <thread>1</thread>
  <message>Start action : ValidationMessage = getText(findTestObject(\&amp;quot;Object Repository/HeliumEdgeLoginValidation/LoginFailed\&amp;quot;))</message>
  <nestedLevel>3</nestedLevel>
  <property name="startLine">61</property>
  <property name="stepIndex">1</property>
</record>
<record>
  <date>2018-12-14T09:51:49</date>
  <millis>1544761309588</millis>
  <sequence>243</sequence>
  <level>PASSED</level>
  <class>com.kms.katalon.core.logging.XmlKeywordLogger</class>
  <method>logMessage</method>
  <thread>1</thread>
  <message>Text of object &amp;apos;Object Repository/HeliumEdgeLoginValidation/LoginFailed&amp;apos; is: &amp;apos;Login Failed! Please check email and password&amp;apos;</message>
  <nestedLevel>1</nestedLevel>
</record>
<record>
  <date>2018-12-14T09:51:49</date>
  <millis>1544761309589</millis>
  <sequence>244</sequence>
  <level>END</level>
  <class>com.kms.katalon.core.logging.XmlKeywordLogger</class>
  <method>endKeyword</method>
  <thread>1</thread>
  <message>End action : ValidationMessage = getText(findTestObject(\&amp;quot;Object Repository/HeliumEdgeLoginValidation/LoginFailed\&amp;quot;))</message>
  <nestedLevel>3</nestedLevel>
</record>
<record>
  <date>2018-12-14T09:51:49</date>
  <millis>1544761309589</millis>
  <sequence>245</sequence>
  <level>START</level>
  <class>com.kms.katalon.core.logging.XmlKeywordLogger</class>
  <method>startKeyword</method>
  <thread>1</thread>
  <message>Start action : println(ValidationMessage)</message>
  <nestedLevel>3</nestedLevel>
  <property name="startLine">62</property>
  <property name="stepIndex">2</property>
</record>
<record>
  <date>2018-12-14T09:51:49</date>
  <millis>1544761309590</millis>
  <sequence>246</sequence>
  <level>END</level>
  <class>com.kms.katalon.core.logging.XmlKeywordLogger</class>
  <method>endKeyword</method>
  <thread>1</thread>
  <message>End action : println(ValidationMessage)</message>
  <nestedLevel>3</nestedLevel>
</record>
<record>
  <date>2018-12-14T09:51:49</date>
  <millis>1544761309591</millis>
  <sequence>247</sequence>
  <level>END</level>
  <class>com.kms.katalon.core.logging.XmlKeywordLogger</class>
  <method>endKeyword</method>
  <thread>1</thread>
  <message>End action : try</message>
  <nestedLevel>2</nestedLevel>
</record>
<record>
  <date>2018-12-14T09:51:49</date>
  <millis>1544761309591</millis>
  <sequence>248</sequence>
  <level>START</level>
  <class>com.kms.katalon.core.logging.XmlKeywordLogger</class>
  <method>startKeyword</method>
  <thread>1</thread>
  <message>Start action : Username = getStringCellValue().trim()</message>
  <nestedLevel>2</nestedLevel>
  <property name="startLine">48</property>
  <property name="stepIndex">1</property>
</record>
<record>
  <date>2018-12-14T09:51:49</date>
  <millis>1544761309592</millis>
  <sequence>249</sequence>
  <level>END</level>
  <class>com.kms.katalon.core.logging.XmlKeywordLogger</class>
  <method>endKeyword</method>
  <thread>1</thread>
  <message>End action : Username = getStringCellValue().trim()</message>
  <nestedLevel>2</nestedLevel>
</record>
<record>
  <date>2018-12-14T09:51:49</date>
  <millis>1544761309593</millis>
  <sequence>250</sequence>
  <level>START</level>
  <class>com.kms.katalon.core.logging.XmlKeywordLogger</class>
  <method>startKeyword</method>
  <thread>1</thread>
  <message>Start action : setText(findTestObject(\&amp;quot;Object Repository/HeliumEdgeLogin/Email\&amp;quot;), Username)</message>
  <nestedLevel>2</nestedLevel>
  <property name="startLine">49</property>
  <property name="stepIndex">2</property>
</record>
<record>
  <date>2018-12-14T09:51:50</date>
  <millis>1544761310664</millis>
  <sequence>262</sequence>
  <level>PASSED</level>
  <class>com.kms.katalon.core.logging.XmlKeywordLogger</class>
  <method>logMessage</method>
  <thread>1</thread>
  <message>Text &amp;apos;emailidinvalid@gmail.com&amp;apos; is set on object &amp;apos;Object Repository/HeliumEdgeLogin/Email&amp;apos;</message>
  <nestedLevel>1</nestedLevel>
</record>
<record>
  <date>2018-12-14T09:51:50</date>
  <millis>1544761310665</millis>
  <sequence>263</sequence>
  <level>END</level>
  <class>com.kms.katalon.core.logging.XmlKeywordLogger</class>
  <method>endKeyword</method>
  <thread>1</thread>
  <message>End action : setText(findTestObject(\&amp;quot;Object Repository/HeliumEdgeLogin/Email\&amp;quot;), Username)</message>
  <nestedLevel>2</nestedLevel>
</record>
<record>
  <date>2018-12-14T09:51:50</date>
  <millis>1544761310666</millis>
  <sequence>264</sequence>
  <level>START</level>
  <class>com.kms.katalon.core.logging.XmlKeywordLogger</class>
  <method>startKeyword</method>
  <thread>1</thread>
  <message>Start action : delay(3)</message>
  <nestedLevel>2</nestedLevel>
  <property name="startLine">50</property>
  <property name="stepIndex">3</property>
</record>
<record>
  <date>2018-12-14T09:51:53</date>
  <millis>1544761313668</millis>
  <sequence>266</sequence>
  <level>PASSED</level>
  <class>com.kms.katalon.core.logging.XmlKeywordLogger</class>
  <method>logMessage</method>
  <thread>1</thread>
  <message>Delayed 3 second(s)</message>
  <nestedLevel>1</nestedLevel>
</record>
<record>
  <date>2018-12-14T09:51:53</date>
  <millis>1544761313669</millis>
  <sequence>267</sequence>
  <level>END</level>
  <class>com.kms.katalon.core.logging.XmlKeywordLogger</class>
  <method>endKeyword</method>
  <thread>1</thread>
  <message>End action : delay(3)</message>
  <nestedLevel>2</nestedLevel>
</record>
<record>
  <date>2018-12-14T09:51:53</date>
  <millis>1544761313669</millis>
  <sequence>268</sequence>
  <level>START</level>
  <class>com.kms.katalon.core.logging.XmlKeywordLogger</class>
  <method>startKeyword</method>
  <thread>1</thread>
  <message>Start action : Password = getCell(1).getStringCellValue()</message>
  <nestedLevel>2</nestedLevel>
  <property name="startLine">52</property>
  <property name="stepIndex">4</property>
</record>
<record>
  <date>2018-12-14T09:51:53</date>
  <millis>1544761313674</millis>
  <sequence>269</sequence>
  <level>END</level>
  <class>com.kms.katalon.core.logging.XmlKeywordLogger</class>
  <method>endKeyword</method>
  <thread>1</thread>
  <message>End action : Password = getCell(1).getStringCellValue()</message>
  <nestedLevel>2</nestedLevel>
</record>
<record>
  <date>2018-12-14T09:51:53</date>
  <millis>1544761313674</millis>
  <sequence>270</sequence>
  <level>START</level>
  <class>com.kms.katalon.core.logging.XmlKeywordLogger</class>
  <method>startKeyword</method>
  <thread>1</thread>
  <message>Start action : setText(findTestObject(\&amp;quot;Object Repository/HeliumEdgeLogin/Password\&amp;quot;), Password)</message>
  <nestedLevel>2</nestedLevel>
  <property name="startLine">53</property>
  <property name="stepIndex">5</property>
</record>
<record>
  <date>2018-12-14T09:51:54</date>
  <millis>1544761314061</millis>
  <sequence>282</sequence>
  <level>PASSED</level>
  <class>com.kms.katalon.core.logging.XmlKeywordLogger</class>
  <method>logMessage</method>
  <thread>1</thread>
  <message>Text &amp;apos;bharatpatel&amp;apos; is set on object &amp;apos;Object Repository/HeliumEdgeLogin/Password&amp;apos;</message>
  <nestedLevel>1</nestedLevel>
</record>
<record>
  <date>2018-12-14T09:51:54</date>
  <millis>1544761314062</millis>
  <sequence>283</sequence>
  <level>END</level>
  <class>com.kms.katalon.core.logging.XmlKeywordLogger</class>
  <method>endKeyword</method>
  <thread>1</thread>
  <message>End action : setText(findTestObject(\&amp;quot;Object Repository/HeliumEdgeLogin/Password\&amp;quot;), Password)</message>
  <nestedLevel>2</nestedLevel>
</record>
<record>
  <date>2018-12-14T09:51:54</date>
  <millis>1544761314063</millis>
  <sequence>284</sequence>
  <level>START</level>
  <class>com.kms.katalon.core.logging.XmlKeywordLogger</class>
  <method>startKeyword</method>
  <thread>1</thread>
  <message>Start action : delay(3)</message>
  <nestedLevel>2</nestedLevel>
  <property name="startLine">54</property>
  <property name="stepIndex">6</property>
</record>
<record>
  <date>2018-12-14T09:51:57</date>
  <millis>1544761317064</millis>
  <sequence>286</sequence>
  <level>PASSED</level>
  <class>com.kms.katalon.core.logging.XmlKeywordLogger</class>
  <method>logMessage</method>
  <thread>1</thread>
  <message>Delayed 3 second(s)</message>
  <nestedLevel>1</nestedLevel>
</record>
<record>
  <date>2018-12-14T09:51:57</date>
  <millis>1544761317065</millis>
  <sequence>287</sequence>
  <level>END</level>
  <class>com.kms.katalon.core.logging.XmlKeywordLogger</class>
  <method>endKeyword</method>
  <thread>1</thread>
  <message>End action : delay(3)</message>
  <nestedLevel>2</nestedLevel>
</record>
<record>
  <date>2018-12-14T09:51:57</date>
  <millis>1544761317065</millis>
  <sequence>288</sequence>
  <level>START</level>
  <class>com.kms.katalon.core.logging.XmlKeywordLogger</class>
  <method>startKeyword</method>
  <thread>1</thread>
  <message>Start action : click(findTestObject(\&amp;quot;Object Repository/HeliumEdgeLogin/LoginButton\&amp;quot;))</message>
  <nestedLevel>2</nestedLevel>
  <property name="startLine">56</property>
  <property name="stepIndex">7</property>
</record>
<record>
  <date>2018-12-14T09:51:57</date>
  <millis>1544761317269</millis>
  <sequence>295</sequence>
  <level>PASSED</level>
  <class>com.kms.katalon.core.logging.XmlKeywordLogger</class>
  <method>logMessage</method>
  <thread>1</thread>
  <message>Object: &amp;apos;Object Repository/HeliumEdgeLogin/LoginButton&amp;apos; is clicked on</message>
  <nestedLevel>1</nestedLevel>
</record>
<record>
  <date>2018-12-14T09:51:57</date>
  <millis>1544761317270</millis>
  <sequence>296</sequence>
  <level>END</level>
  <class>com.kms.katalon.core.logging.XmlKeywordLogger</class>
  <method>endKeyword</method>
  <thread>1</thread>
  <message>End action : click(findTestObject(\&amp;quot;Object Repository/HeliumEdgeLogin/LoginButton\&amp;quot;))</message>
  <nestedLevel>2</nestedLevel>
</record>
<record>
  <date>2018-12-14T09:51:57</date>
  <millis>1544761317270</millis>
  <sequence>297</sequence>
  <level>START</level>
  <class>com.kms.katalon.core.logging.XmlKeywordLogger</class>
  <method>startKeyword</method>
  <thread>1</thread>
  <message>Start action : delay(6)</message>
  <nestedLevel>2</nestedLevel>
  <property name="startLine">57</property>
  <property name="stepIndex">8</property>
</record>
<record>
  <date>2018-12-14T09:52:03</date>
  <millis>1544761323271</millis>
  <sequence>299</sequence>
  <level>PASSED</level>
  <class>com.kms.katalon.core.logging.XmlKeywordLogger</class>
  <method>logMessage</method>
  <thread>1</thread>
  <message>Delayed 6 second(s)</message>
  <nestedLevel>1</nestedLevel>
</record>
<record>
  <date>2018-12-14T09:52:03</date>
  <millis>1544761323273</millis>
  <sequence>300</sequence>
  <level>END</level>
  <class>com.kms.katalon.core.logging.XmlKeywordLogger</class>
  <method>endKeyword</method>
  <thread>1</thread>
  <message>End action : delay(6)</message>
  <nestedLevel>2</nestedLevel>
</record>
<record>
  <date>2018-12-14T09:52:03</date>
  <millis>1544761323274</millis>
  <sequence>301</sequence>
  <level>START</level>
  <class>com.kms.katalon.core.logging.XmlKeywordLogger</class>
  <method>startKeyword</method>
  <thread>1</thread>
  <message>Start action : try</message>
  <nestedLevel>2</nestedLevel>
  <property name="startLine">59</property>
  <property name="stepIndex">9</property>
</record>
<record>
  <date>2018-12-14T09:52:03</date>
  <millis>1544761323274</millis>
  <sequence>302</sequence>
  <level>START</level>
  <class>com.kms.katalon.core.logging.XmlKeywordLogger</class>
  <method>startKeyword</method>
  <thread>1</thread>
  <message>Start action : ValidationMessage = getText(findTestObject(\&amp;quot;Object Repository/HeliumEdgeLoginValidation/LoginFailed\&amp;quot;))</message>
  <nestedLevel>3</nestedLevel>
  <property name="startLine">61</property>
  <property name="stepIndex">1</property>
</record>
<record>
  <date>2018-12-14T09:52:03</date>
  <millis>1544761323500</millis>
  <sequence>309</sequence>
  <level>PASSED</level>
  <class>com.kms.katalon.core.logging.XmlKeywordLogger</class>
  <method>logMessage</method>
  <thread>1</thread>
  <message>Text of object &amp;apos;Object Repository/HeliumEdgeLoginValidation/LoginFailed&amp;apos; is: &amp;apos;Login Failed! Please check email and password&amp;apos;</message>
  <nestedLevel>1</nestedLevel>
</record>
<record>
  <date>2018-12-14T09:52:03</date>
  <millis>1544761323501</millis>
  <sequence>310</sequence>
  <level>END</level>
  <class>com.kms.katalon.core.logging.XmlKeywordLogger</class>
  <method>endKeyword</method>
  <thread>1</thread>
  <message>End action : ValidationMessage = getText(findTestObject(\&amp;quot;Object Repository/HeliumEdgeLoginValidation/LoginFailed\&amp;quot;))</message>
  <nestedLevel>3</nestedLevel>
</record>
<record>
  <date>2018-12-14T09:52:03</date>
  <millis>1544761323501</millis>
  <sequence>311</sequence>
  <level>START</level>
  <class>com.kms.katalon.core.logging.XmlKeywordLogger</class>
  <method>startKeyword</method>
  <thread>1</thread>
  <message>Start action : println(ValidationMessage)</message>
  <nestedLevel>3</nestedLevel>
  <property name="startLine">62</property>
  <property name="stepIndex">2</property>
</record>
<record>
  <date>2018-12-14T09:52:03</date>
  <millis>1544761323502</millis>
  <sequence>312</sequence>
  <level>END</level>
  <class>com.kms.katalon.core.logging.XmlKeywordLogger</class>
  <method>endKeyword</method>
  <thread>1</thread>
  <message>End action : println(ValidationMessage)</message>
  <nestedLevel>3</nestedLevel>
</record>
<record>
  <date>2018-12-14T09:52:03</date>
  <millis>1544761323503</millis>
  <sequence>313</sequence>
  <level>END</level>
  <class>com.kms.katalon.core.logging.XmlKeywordLogger</class>
  <method>endKeyword</method>
  <thread>1</thread>
  <message>End action : try</message>
  <nestedLevel>2</nestedLevel>
</record>
<record>
  <date>2018-12-14T09:52:03</date>
  <millis>1544761323503</millis>
  <sequence>314</sequence>
  <level>START</level>
  <class>com.kms.katalon.core.logging.XmlKeywordLogger</class>
  <method>startKeyword</method>
  <thread>1</thread>
  <message>Start action : Username = getStringCellValue().trim()</message>
  <nestedLevel>2</nestedLevel>
  <property name="startLine">48</property>
  <property name="stepIndex">1</property>
</record>
<record>
  <date>2018-12-14T09:52:03</date>
  <millis>1544761323507</millis>
  <sequence>315</sequence>
  <level>END</level>
  <class>com.kms.katalon.core.logging.XmlKeywordLogger</class>
  <method>endKeyword</method>
  <thread>1</thread>
  <message>End action : Username = getStringCellValue().trim()</message>
  <nestedLevel>2</nestedLevel>
</record>
<record>
  <date>2018-12-14T09:52:03</date>
  <millis>1544761323507</millis>
  <sequence>316</sequence>
  <level>START</level>
  <class>com.kms.katalon.core.logging.XmlKeywordLogger</class>
  <method>startKeyword</method>
  <thread>1</thread>
  <message>Start action : setText(findTestObject(\&amp;quot;Object Repository/HeliumEdgeLogin/Email\&amp;quot;), Username)</message>
  <nestedLevel>2</nestedLevel>
  <property name="startLine">49</property>
  <property name="stepIndex">2</property>
</record>
<record>
  <date>2018-12-14T09:52:04</date>
  <millis>1544761324418</millis>
  <sequence>328</sequence>
  <level>PASSED</level>
  <class>com.kms.katalon.core.logging.XmlKeywordLogger</class>
  <method>logMessage</method>
  <thread>1</thread>
  <message>Text &amp;apos;bharatpatel@heliumedge.com&amp;apos; is set on object &amp;apos;Object Repository/HeliumEdgeLogin/Email&amp;apos;</message>
  <nestedLevel>1</nestedLevel>
</record>
<record>
  <date>2018-12-14T09:52:04</date>
  <millis>1544761324420</millis>
  <sequence>329</sequence>
  <level>END</level>
  <class>com.kms.katalon.core.logging.XmlKeywordLogger</class>
  <method>endKeyword</method>
  <thread>1</thread>
  <message>End action : setText(findTestObject(\&amp;quot;Object Repository/HeliumEdgeLogin/Email\&amp;quot;), Username)</message>
  <nestedLevel>2</nestedLevel>
</record>
<record>
  <date>2018-12-14T09:52:04</date>
  <millis>1544761324420</millis>
  <sequence>330</sequence>
  <level>START</level>
  <class>com.kms.katalon.core.logging.XmlKeywordLogger</class>
  <method>startKeyword</method>
  <thread>1</thread>
  <message>Start action : delay(3)</message>
  <nestedLevel>2</nestedLevel>
  <property name="startLine">50</property>
  <property name="stepIndex">3</property>
</record>
<record>
  <date>2018-12-14T09:52:07</date>
  <millis>1544761327421</millis>
  <sequence>332</sequence>
  <level>PASSED</level>
  <class>com.kms.katalon.core.logging.XmlKeywordLogger</class>
  <method>logMessage</method>
  <thread>1</thread>
  <message>Delayed 3 second(s)</message>
  <nestedLevel>1</nestedLevel>
</record>
<record>
  <date>2018-12-14T09:52:07</date>
  <millis>1544761327422</millis>
  <sequence>333</sequence>
  <level>END</level>
  <class>com.kms.katalon.core.logging.XmlKeywordLogger</class>
  <method>endKeyword</method>
  <thread>1</thread>
  <message>End action : delay(3)</message>
  <nestedLevel>2</nestedLevel>
</record>
<record>
  <date>2018-12-14T09:52:07</date>
  <millis>1544761327422</millis>
  <sequence>334</sequence>
  <level>START</level>
  <class>com.kms.katalon.core.logging.XmlKeywordLogger</class>
  <method>startKeyword</method>
  <thread>1</thread>
  <message>Start action : Password = getCell(1).getStringCellValue()</message>
  <nestedLevel>2</nestedLevel>
  <property name="startLine">52</property>
  <property name="stepIndex">4</property>
</record>
<record>
  <date>2018-12-14T09:52:07</date>
  <millis>1544761327425</millis>
  <sequence>335</sequence>
  <level>END</level>
  <class>com.kms.katalon.core.logging.XmlKeywordLogger</class>
  <method>endKeyword</method>
  <thread>1</thread>
  <message>End action : Password = getCell(1).getStringCellValue()</message>
  <nestedLevel>2</nestedLevel>
</record>
<record>
  <date>2018-12-14T09:52:07</date>
  <millis>1544761327427</millis>
  <sequence>336</sequence>
  <level>START</level>
  <class>com.kms.katalon.core.logging.XmlKeywordLogger</class>
  <method>startKeyword</method>
  <thread>1</thread>
  <message>Start action : setText(findTestObject(\&amp;quot;Object Repository/HeliumEdgeLogin/Password\&amp;quot;), Password)</message>
  <nestedLevel>2</nestedLevel>
  <property name="startLine">53</property>
  <property name="stepIndex">5</property>
</record>
<record>
  <date>2018-12-14T09:52:07</date>
  <millis>1544761327834</millis>
  <sequence>348</sequence>
  <level>PASSED</level>
  <class>com.kms.katalon.core.logging.XmlKeywordLogger</class>
  <method>logMessage</method>
  <thread>1</thread>
  <message>Text &amp;apos;bharatpatel&amp;apos; is set on object &amp;apos;Object Repository/HeliumEdgeLogin/Password&amp;apos;</message>
  <nestedLevel>1</nestedLevel>
</record>
<record>
  <date>2018-12-14T09:52:07</date>
  <millis>1544761327835</millis>
  <sequence>349</sequence>
  <level>END</level>
  <class>com.kms.katalon.core.logging.XmlKeywordLogger</class>
  <method>endKeyword</method>
  <thread>1</thread>
  <message>End action : setText(findTestObject(\&amp;quot;Object Repository/HeliumEdgeLogin/Password\&amp;quot;), Password)</message>
  <nestedLevel>2</nestedLevel>
</record>
<record>
  <date>2018-12-14T09:52:07</date>
  <millis>1544761327835</millis>
  <sequence>350</sequence>
  <level>START</level>
  <class>com.kms.katalon.core.logging.XmlKeywordLogger</class>
  <method>startKeyword</method>
  <thread>1</thread>
  <message>Start action : delay(3)</message>
  <nestedLevel>2</nestedLevel>
  <property name="startLine">54</property>
  <property name="stepIndex">6</property>
</record>
<record>
  <date>2018-12-14T09:52:10</date>
  <millis>1544761330841</millis>
  <sequence>352</sequence>
  <level>PASSED</level>
  <class>com.kms.katalon.core.logging.XmlKeywordLogger</class>
  <method>logMessage</method>
  <thread>1</thread>
  <message>Delayed 3 second(s)</message>
  <nestedLevel>1</nestedLevel>
</record>
<record>
  <date>2018-12-14T09:52:10</date>
  <millis>1544761330842</millis>
  <sequence>353</sequence>
  <level>END</level>
  <class>com.kms.katalon.core.logging.XmlKeywordLogger</class>
  <method>endKeyword</method>
  <thread>1</thread>
  <message>End action : delay(3)</message>
  <nestedLevel>2</nestedLevel>
</record>
<record>
  <date>2018-12-14T09:52:10</date>
  <millis>1544761330842</millis>
  <sequence>354</sequence>
  <level>START</level>
  <class>com.kms.katalon.core.logging.XmlKeywordLogger</class>
  <method>startKeyword</method>
  <thread>1</thread>
  <message>Start action : click(findTestObject(\&amp;quot;Object Repository/HeliumEdgeLogin/LoginButton\&amp;quot;))</message>
  <nestedLevel>2</nestedLevel>
  <property name="startLine">56</property>
  <property name="stepIndex">7</property>
</record>
<record>
  <date>2018-12-14T09:52:10</date>
  <millis>1544761330981</millis>
  <sequence>361</sequence>
  <level>PASSED</level>
  <class>com.kms.katalon.core.logging.XmlKeywordLogger</class>
  <method>logMessage</method>
  <thread>1</thread>
  <message>Object: &amp;apos;Object Repository/HeliumEdgeLogin/LoginButton&amp;apos; is clicked on</message>
  <nestedLevel>1</nestedLevel>
</record>
<record>
  <date>2018-12-14T09:52:10</date>
  <millis>1544761330981</millis>
  <sequence>362</sequence>
  <level>END</level>
  <class>com.kms.katalon.core.logging.XmlKeywordLogger</class>
  <method>endKeyword</method>
  <thread>1</thread>
  <message>End action : click(findTestObject(\&amp;quot;Object Repository/HeliumEdgeLogin/LoginButton\&amp;quot;))</message>
  <nestedLevel>2</nestedLevel>
</record>
<record>
  <date>2018-12-14T09:52:10</date>
  <millis>1544761330982</millis>
  <sequence>363</sequence>
  <level>START</level>
  <class>com.kms.katalon.core.logging.XmlKeywordLogger</class>
  <method>startKeyword</method>
  <thread>1</thread>
  <message>Start action : delay(6)</message>
  <nestedLevel>2</nestedLevel>
  <property name="startLine">57</property>
  <property name="stepIndex">8</property>
</record>
<record>
  <date>2018-12-14T09:52:16</date>
  <millis>1544761336984</millis>
  <sequence>365</sequence>
  <level>PASSED</level>
  <class>com.kms.katalon.core.logging.XmlKeywordLogger</class>
  <method>logMessage</method>
  <thread>1</thread>
  <message>Delayed 6 second(s)</message>
  <nestedLevel>1</nestedLevel>
</record>
<record>
  <date>2018-12-14T09:52:16</date>
  <millis>1544761336985</millis>
  <sequence>366</sequence>
  <level>END</level>
  <class>com.kms.katalon.core.logging.XmlKeywordLogger</class>
  <method>endKeyword</method>
  <thread>1</thread>
  <message>End action : delay(6)</message>
  <nestedLevel>2</nestedLevel>
</record>
<record>
  <date>2018-12-14T09:52:16</date>
  <millis>1544761336985</millis>
  <sequence>367</sequence>
  <level>START</level>
  <class>com.kms.katalon.core.logging.XmlKeywordLogger</class>
  <method>startKeyword</method>
  <thread>1</thread>
  <message>Start action : try</message>
  <nestedLevel>2</nestedLevel>
  <property name="startLine">59</property>
  <property name="stepIndex">9</property>
</record>
<record>
  <date>2018-12-14T09:52:16</date>
  <millis>1544761336985</millis>
  <sequence>368</sequence>
  <level>START</level>
  <class>com.kms.katalon.core.logging.XmlKeywordLogger</class>
  <method>startKeyword</method>
  <thread>1</thread>
  <message>Start action : ValidationMessage = getText(findTestObject(\&amp;quot;Object Repository/HeliumEdgeLoginValidation/LoginFailed\&amp;quot;))</message>
  <nestedLevel>3</nestedLevel>
  <property name="startLine">61</property>
  <property name="stepIndex">1</property>
</record>
<record>
  <date>2018-12-14T09:52:49</date>
  <millis>1544761369131</millis>
  <sequence>373</sequence>
  <level>INFO</level>
  <class>com.kms.katalon.core.logging.XmlKeywordLogger</class>
  <method>logMessage</method>
  <thread>1</thread>
  <message>Unable to find the element located by &amp;apos;By.xpath: //*[(text() = &amp;apos;Login Failed! Please check email and password&amp;apos; or . = &amp;apos;Login Failed! Please check email and password&amp;apos;)]&amp;apos;. Please recheck the objects properties to make sure the desired element is located. </message>
  <nestedLevel>1</nestedLevel>
</record>
<record>
  <date>2018-12-14T09:52:49</date>
  <millis>1544761369849</millis>
  <sequence>374</sequence>
  <level>FAILED</level>
  <class>com.kms.katalon.core.logging.XmlKeywordLogger</class>
  <method>logMessage</method>
  <thread>1</thread>
  <message>Unable to get text of object &amp;apos;Object Repository/HeliumEdgeLoginValidation/LoginFailed&amp;apos; (Root cause: com.kms.katalon.core.webui.exception.WebElementNotFoundException: Web element with id: &amp;apos;Object Repository/HeliumEdgeLoginValidation/LoginFailed&amp;apos; located by &amp;apos;By.xpath: //*[(text() = &amp;apos;Login Failed! Please check email and password&amp;apos; or . = &amp;apos;Login Failed! Please check email and password&amp;apos;)]&amp;apos; not found)</message>
  <nestedLevel>1</nestedLevel>
  <property name="attachment">1544761369137.png</property>
</record>
<record>
  <date>2018-12-14T09:52:49</date>
  <millis>1544761369851</millis>
  <sequence>375</sequence>
  <level>END</level>
  <class>com.kms.katalon.core.logging.XmlKeywordLogger</class>
  <method>endKeyword</method>
  <thread>1</thread>
  <message>End action : ValidationMessage = getText(findTestObject(\&amp;quot;Object Repository/HeliumEdgeLoginValidation/LoginFailed\&amp;quot;))</message>
  <nestedLevel>3</nestedLevel>
</record>
<record>
  <date>2018-12-14T09:52:49</date>
  <millis>1544761369851</millis>
  <sequence>376</sequence>
  <level>END</level>
  <class>com.kms.katalon.core.logging.XmlKeywordLogger</class>
  <method>endKeyword</method>
  <thread>1</thread>
  <message>End action : try</message>
  <nestedLevel>2</nestedLevel>
</record>
<record>
  <date>2018-12-14T09:52:49</date>
  <millis>1544761369851</millis>
  <sequence>377</sequence>
  <level>START</level>
  <class>com.kms.katalon.core.logging.XmlKeywordLogger</class>
  <method>startKeyword</method>
  <thread>1</thread>
  <message>Start action : catch (Exception e)</message>
  <nestedLevel>2</nestedLevel>
  <property name="startLine">64</property>
  <property name="stepIndex">10</property>
</record>
<record>
  <date>2018-12-14T09:52:49</date>
  <millis>1544761369851</millis>
  <sequence>378</sequence>
  <level>START</level>
  <class>com.kms.katalon.core.logging.XmlKeywordLogger</class>
  <method>startKeyword</method>
  <thread>1</thread>
  <message>Start action : takeScreenshot()</message>
  <nestedLevel>3</nestedLevel>
  <property name="startLine">66</property>
  <property name="stepIndex">1</property>
</record>
<record>
  <date>2018-12-14T09:52:50</date>
  <millis>1544761370443</millis>
  <sequence>379</sequence>
  <level>PASSED</level>
  <class>com.kms.katalon.core.logging.XmlKeywordLogger</class>
  <method>logMessage</method>
  <thread>1</thread>
  <message>Taking screenshot successfully</message>
  <nestedLevel>1</nestedLevel>
  <property name="attachment">C:\\Users\\admin\\Katalon Studio\\HeliumAutomationProject\\Reports\\HE_LoginSuite\\20181214_094942\\1544761369951.png</property>
</record>
<record>
  <date>2018-12-14T09:52:50</date>
  <millis>1544761370445</millis>
  <sequence>380</sequence>
  <level>END</level>
  <class>com.kms.katalon.core.logging.XmlKeywordLogger</class>
  <method>endKeyword</method>
  <thread>1</thread>
  <message>End action : takeScreenshot()</message>
  <nestedLevel>3</nestedLevel>
</record>
<record>
  <date>2018-12-14T09:52:50</date>
  <millis>1544761370445</millis>
  <sequence>381</sequence>
  <level>START</level>
  <class>com.kms.katalon.core.logging.XmlKeywordLogger</class>
  <method>startKeyword</method>
  <thread>1</thread>
  <message>Start action : click(findTestObject(\&amp;quot;HeliumEdgeLogout/Userclick\&amp;quot;))</message>
  <nestedLevel>3</nestedLevel>
  <property name="startLine">67</property>
  <property name="stepIndex">2</property>
</record>
<record>
  <date>2018-12-14T09:52:50</date>
  <millis>1544761370897</millis>
  <sequence>388</sequence>
  <level>PASSED</level>
  <class>com.kms.katalon.core.logging.XmlKeywordLogger</class>
  <method>logMessage</method>
  <thread>1</thread>
  <message>Object: &amp;apos;Object Repository/HeliumEdgeLogout/Userclick&amp;apos; is clicked on</message>
  <nestedLevel>1</nestedLevel>
</record>
<record>
  <date>2018-12-14T09:52:50</date>
  <millis>1544761370897</millis>
  <sequence>389</sequence>
  <level>END</level>
  <class>com.kms.katalon.core.logging.XmlKeywordLogger</class>
  <method>endKeyword</method>
  <thread>1</thread>
  <message>End action : click(findTestObject(\&amp;quot;HeliumEdgeLogout/Userclick\&amp;quot;))</message>
  <nestedLevel>3</nestedLevel>
</record>
<record>
  <date>2018-12-14T09:52:50</date>
  <millis>1544761370897</millis>
  <sequence>390</sequence>
  <level>START</level>
  <class>com.kms.katalon.core.logging.XmlKeywordLogger</class>
  <method>startKeyword</method>
  <thread>1</thread>
  <message>Start action : delay(4)</message>
  <nestedLevel>3</nestedLevel>
  <property name="startLine">68</property>
  <property name="stepIndex">3</property>
</record>
<record>
  <date>2018-12-14T09:52:54</date>
  <millis>1544761374905</millis>
  <sequence>392</sequence>
  <level>PASSED</level>
  <class>com.kms.katalon.core.logging.XmlKeywordLogger</class>
  <method>logMessage</method>
  <thread>1</thread>
  <message>Delayed 4 second(s)</message>
  <nestedLevel>1</nestedLevel>
</record>
<record>
  <date>2018-12-14T09:52:54</date>
  <millis>1544761374935</millis>
  <sequence>393</sequence>
  <level>END</level>
  <class>com.kms.katalon.core.logging.XmlKeywordLogger</class>
  <method>endKeyword</method>
  <thread>1</thread>
  <message>End action : delay(4)</message>
  <nestedLevel>3</nestedLevel>
</record>
<record>
  <date>2018-12-14T09:52:54</date>
  <millis>1544761374935</millis>
  <sequence>394</sequence>
  <level>START</level>
  <class>com.kms.katalon.core.logging.XmlKeywordLogger</class>
  <method>startKeyword</method>
  <thread>1</thread>
  <message>Start action : click(findTestObject(\&amp;quot;HeliumEdgeLogout/LogoutButton\&amp;quot;))</message>
  <nestedLevel>3</nestedLevel>
  <property name="startLine">69</property>
  <property name="stepIndex">4</property>
</record>
<record>
  <date>2018-12-14T09:52:55</date>
  <millis>1544761375425</millis>
  <sequence>401</sequence>
  <level>PASSED</level>
  <class>com.kms.katalon.core.logging.XmlKeywordLogger</class>
  <method>logMessage</method>
  <thread>1</thread>
  <message>Object: &amp;apos;Object Repository/HeliumEdgeLogout/LogoutButton&amp;apos; is clicked on</message>
  <nestedLevel>1</nestedLevel>
</record>
<record>
  <date>2018-12-14T09:52:55</date>
  <millis>1544761375430</millis>
  <sequence>402</sequence>
  <level>END</level>
  <class>com.kms.katalon.core.logging.XmlKeywordLogger</class>
  <method>endKeyword</method>
  <thread>1</thread>
  <message>End action : click(findTestObject(\&amp;quot;HeliumEdgeLogout/LogoutButton\&amp;quot;))</message>
  <nestedLevel>3</nestedLevel>
</record>
<record>
  <date>2018-12-14T09:52:55</date>
  <millis>1544761375430</millis>
  <sequence>403</sequence>
  <level>START</level>
  <class>com.kms.katalon.core.logging.XmlKeywordLogger</class>
  <method>startKeyword</method>
  <thread>1</thread>
  <message>Start action : delay(4)</message>
  <nestedLevel>3</nestedLevel>
  <property name="startLine">70</property>
  <property name="stepIndex">5</property>
</record>
<record>
  <date>2018-12-14T09:52:59</date>
  <millis>1544761379443</millis>
  <sequence>405</sequence>
  <level>PASSED</level>
  <class>com.kms.katalon.core.logging.XmlKeywordLogger</class>
  <method>logMessage</method>
  <thread>1</thread>
  <message>Delayed 4 second(s)</message>
  <nestedLevel>1</nestedLevel>
</record>
<record>
  <date>2018-12-14T09:52:59</date>
  <millis>1544761379444</millis>
  <sequence>406</sequence>
  <level>END</level>
  <class>com.kms.katalon.core.logging.XmlKeywordLogger</class>
  <method>endKeyword</method>
  <thread>1</thread>
  <message>End action : delay(4)</message>
  <nestedLevel>3</nestedLevel>
</record>
<record>
  <date>2018-12-14T09:52:59</date>
  <millis>1544761379444</millis>
  <sequence>407</sequence>
  <level>END</level>
  <class>com.kms.katalon.core.logging.XmlKeywordLogger</class>
  <method>endKeyword</method>
  <thread>1</thread>
  <message>End action : catch (Exception e)</message>
  <nestedLevel>2</nestedLevel>
</record>
<record>
  <date>2018-12-14T09:52:59</date>
  <millis>1544761379444</millis>
  <sequence>408</sequence>
  <level>END</level>
  <class>com.kms.katalon.core.logging.XmlKeywordLogger</class>
  <method>endKeyword</method>
  <thread>1</thread>
  <message>End action : for ([row = 1, row &amp;lt;= Rowcount, (row++)])</message>
  <nestedLevel>1</nestedLevel>
</record>
<record>
  <date>2018-12-14T09:52:59</date>
  <millis>1544761379449</millis>
  <sequence>409</sequence>
  <level>PASSED</level>
  <class>com.kms.katalon.core.logging.XmlKeywordLogger</class>
  <method>logMessage</method>
  <thread>1</thread>
  <message>Test Cases/HeliumEdge_Login/HEL_002</message>
  <nestedLevel>1</nestedLevel>
</record>
<record>
  <date>2018-12-14T09:52:59</date>
  <millis>1544761379459</millis>
  <sequence>410</sequence>
  <level>END</level>
  <class>com.kms.katalon.core.logging.XmlKeywordLogger</class>
  <method>endTest</method>
  <thread>1</thread>
  <message>End Test Case : Test Cases/HeliumEdge_Login/HEL_002</message>
  <nestedLevel>0</nestedLevel>
</record>
<record>
  <date>2018-12-14T09:53:01</date>
  <millis>1544761381254</millis>
  <sequence>411</sequence>
  <level>END</level>
  <class>com.kms.katalon.core.logging.XmlKeywordLogger</class>
  <method>endSuite</method>
  <thread>1</thread>
  <message>End Test Suite : Test Suites/HE_LoginSuite</message>
  <nestedLevel>0</nestedLevel>
</record>
</log>